[debug] [2024-03-21T17:08:23.223Z] ----------------------------------------------------------------------
[debug] [2024-03-21T17:08:23.228Z] Command:       C:\Program Files\nodejs\node.exe C:\Users\User\AppData\Roaming\npm\node_modules\firebase-tools\lib\bin\firebase.js init
[debug] [2024-03-21T17:08:23.229Z] CLI Version:   13.5.1
[debug] [2024-03-21T17:08:23.230Z] Platform:      win32
[debug] [2024-03-21T17:08:23.230Z] Node Version:  v18.17.0
[debug] [2024-03-21T17:08:23.233Z] Time:          Thu Mar 21 2024 22:08:23 GMT+0500 (Pakistan Standard Time)
[debug] [2024-03-21T17:08:23.233Z] ----------------------------------------------------------------------
[debug] 
[debug] [2024-03-21T17:08:23.408Z] > command requires scopes: ["email","openid","https://www.googleapis.com/auth/cloudplatformprojects.readonly","https://www.googleapis.com/auth/firebase","https://www.googleapis.com/auth/cloud-platform"]
[debug] [2024-03-21T17:08:23.410Z] > authorizing via signed-in user (mshahid12info@gmail.com)
[info] 
     ######## #### ########  ######## ########     ###     ######  ########
     ##        ##  ##     ## ##       ##     ##  ##   ##  ##       ##
     ######    ##  ########  ######   ########  #########  ######  ######
     ##        ##  ##    ##  ##       ##     ## ##     ##       ## ##
     ##       #### ##     ## ######## ########  ##     ##  ######  ########

You're about to initialize a Firebase project in this directory:

  C:\Users\User\Desktop\practics

Before we get started, keep in mind:

  * You are initializing within an existing Firebase project directory

